TN:
SF:src\app.ts
FN:39,(anonymous_1)
FNF:1
FNH:0
FNDA:0,(anonymous_1)
DA:1,2
DA:2,2
DA:3,2
DA:4,2
DA:5,2
DA:6,2
DA:7,2
DA:8,2
DA:10,2
DA:13,2
DA:14,2
DA:22,2
DA:27,2
DA:30,2
DA:31,2
DA:34,2
DA:35,0
DA:39,2
DA:40,0
DA:48,2
DA:49,2
DA:52,2
DA:53,2
DA:55,2
LF:24
LH:22
BRDA:16,0,0,2
BRDA:16,0,1,2
BRDA:23,1,0,2
BRDA:23,1,1,2
BRDA:24,2,0,2
BRDA:24,2,1,2
BRDA:34,3,0,0
BRF:7
BRH:6
end_of_record
TN:
SF:src\index.ts
FN:14,(anonymous_1)
FN:20,(anonymous_2)
FN:22,(anonymous_3)
FN:26,(anonymous_4)
FNF:4
FNH:0
FNDA:0,(anonymous_1)
FNDA:0,(anonymous_2)
FNDA:0,(anonymous_3)
FNDA:0,(anonymous_4)
DA:1,0
DA:2,0
DA:3,0
DA:6,0
DA:8,0
DA:11,0
DA:14,0
DA:15,0
DA:16,0
DA:20,0
DA:21,0
DA:22,0
DA:26,0
DA:27,0
DA:28,0
DA:31,0
LF:16
LH:0
BRDA:8,0,0,0
BRDA:8,0,1,0
BRDA:16,1,0,0
BRDA:16,1,1,0
BRF:4
BRH:0
end_of_record
TN:
SF:src\controllers\authController.ts
FN:10,(anonymous_1)
FN:48,(anonymous_2)
FNF:2
FNH:2
FNDA:13,(anonymous_1)
FNDA:5,(anonymous_2)
DA:2,2
DA:3,2
DA:4,2
DA:5,2
DA:10,2
DA:11,13
DA:14,13
DA:15,13
DA:16,1
DA:20,12
DA:28,10
DA:34,10
DA:48,2
DA:49,5
DA:52,5
DA:53,2
DA:57,3
DA:58,3
DA:59,1
DA:63,2
DA:64,2
DA:65,1
DA:69,1
DA:75,1
LF:24
LH:24
BRDA:15,0,0,1
BRDA:24,1,0,12
BRDA:24,1,1,10
BRDA:52,2,0,2
BRDA:52,3,0,5
BRDA:52,3,1,4
BRDA:58,4,0,1
BRDA:64,5,0,1
BRF:8
BRH:8
end_of_record
TN:
SF:src\controllers\sweetController.ts
FN:10,(anonymous_1)
FN:28,(anonymous_2)
FN:50,(anonymous_3)
FN:77,(anonymous_4)
FN:97,(anonymous_5)
FN:112,(anonymous_6)
FN:139,(anonymous_7)
FNF:7
FNH:7
FNDA:2,(anonymous_1)
FNDA:2,(anonymous_2)
FNDA:4,(anonymous_3)
FNDA:2,(anonymous_4)
FNDA:2,(anonymous_5)
FNDA:3,(anonymous_6)
FNDA:2,(anonymous_7)
DA:2,2
DA:3,2
DA:4,2
DA:10,2
DA:11,2
DA:13,2
DA:22,1
DA:28,2
DA:29,2
DA:30,2
DA:31,2
DA:33,2
DA:34,2
DA:36,2
DA:50,2
DA:51,4
DA:53,4
DA:55,4
DA:56,2
DA:59,4
DA:60,1
DA:63,4
DA:64,1
DA:65,1
DA:66,1
DA:69,4
DA:71,4
DA:77,2
DA:78,2
DA:79,2
DA:81,2
DA:87,2
DA:88,1
DA:91,1
DA:97,2
DA:98,2
DA:100,2
DA:102,2
DA:103,1
DA:106,1
DA:112,2
DA:113,3
DA:114,3
DA:116,3
DA:117,1
DA:120,2
DA:122,2
DA:123,0
DA:126,2
DA:127,1
DA:130,1
DA:131,1
DA:133,1
DA:139,2
DA:140,2
DA:141,2
DA:143,2
DA:144,1
DA:147,1
DA:149,1
DA:150,0
DA:153,1
DA:154,1
DA:156,1
LF:64
LH:62
BRDA:29,0,0,2
BRDA:29,0,1,1
BRDA:30,1,0,2
BRDA:30,1,1,1
BRDA:55,2,0,2
BRDA:59,3,0,1
BRDA:63,4,0,1
BRDA:63,5,0,4
BRDA:63,5,1,3
BRDA:65,6,0,1
BRDA:66,7,0,1
BRDA:87,8,0,1
BRDA:102,9,0,1
BRDA:116,10,0,1
BRDA:116,11,0,3
BRDA:116,11,1,2
BRDA:122,12,0,0
BRDA:126,13,0,1
BRDA:143,14,0,1
BRDA:143,15,0,2
BRDA:143,15,1,2
BRDA:149,16,0,0
BRF:22
BRH:20
end_of_record
TN:
SF:src\db\connection.ts
FN:3,(anonymous_1)
FN:22,(anonymous_2)
FNF:2
FNH:0
FNDA:0,(anonymous_1)
FNDA:0,(anonymous_2)
DA:1,0
DA:3,0
DA:4,0
DA:5,0
DA:9,0
DA:10,0
DA:13,0
DA:15,0
DA:17,0
DA:18,0
DA:22,0
DA:23,0
DA:24,0
DA:25,0
DA:27,0
DA:28,0
DA:32,0
LF:17
LH:0
BRDA:5,0,0,0
BRDA:5,0,1,0
BRDA:9,1,0,0
BRF:3
BRH:0
end_of_record
TN:
SF:src\middlewares\auth.ts
FN:14,(anonymous_0)
FN:43,(anonymous_1)
FNF:2
FNH:2
FNDA:21,(anonymous_0)
FNDA:6,(anonymous_1)
DA:2,2
DA:3,2
DA:14,2
DA:19,21
DA:20,21
DA:22,21
DA:23,2
DA:24,2
DA:27,19
DA:29,19
DA:30,0
DA:31,0
DA:34,19
DA:35,19
DA:36,19
DA:38,0
DA:43,2
DA:48,6
DA:49,0
DA:50,0
DA:53,6
DA:54,2
DA:55,2
DA:58,4
LF:24
LH:19
BRDA:22,0,0,2
BRDA:22,1,0,21
BRDA:22,1,1,19
BRDA:29,2,0,0
BRDA:48,3,0,0
BRDA:53,4,0,2
BRF:6
BRH:4
end_of_record
TN:
SF:src\middlewares\errorHandler.ts
FN:9,(anonymous_0)
FN:27,(anonymous_1)
FNF:2
FNH:1
FNDA:3,(anonymous_0)
FNDA:0,(anonymous_1)
DA:2,2
DA:9,2
DA:15,3
DA:16,3
DA:18,3
DA:24,3
DA:27,2
DA:32,0
DA:33,0
DA:34,0
LF:10
LH:7
BRDA:15,0,0,3
BRDA:15,0,1,3
BRDA:16,1,0,3
BRDA:16,1,1,0
BRF:4
BRH:3
end_of_record
TN:
SF:src\models\Sweet.ts
FNF:0
FNH:0
DA:1,2
DA:14,2
DA:69,2
DA:71,2
DA:73,2
LF:5
LH:5
BRF:0
BRH:0
end_of_record
TN:
SF:src\models\User.ts
FN:52,(anonymous_10)
FN:63,(anonymous_11)
FNF:2
FNH:2
FNDA:18,(anonymous_10)
FNDA:4,(anonymous_11)
DA:1,3
DA:2,3
DA:14,3
DA:52,3
DA:53,18
DA:54,0
DA:57,18
DA:58,18
DA:59,18
DA:63,3
DA:66,4
DA:69,3
DA:71,3
LF:13
LH:12
BRDA:53,0,0,0
BRF:1
BRH:0
end_of_record
TN:
SF:src\routes\authRoutes.ts
FNF:0
FNH:0
DA:1,2
DA:2,2
DA:4,2
DA:6,2
DA:7,2
DA:9,2
LF:6
LH:6
BRF:0
BRH:0
end_of_record
TN:
SF:src\routes\sweetRoutes.ts
FNF:0
FNH:0
DA:1,2
DA:2,2
DA:11,2
DA:13,2
DA:16,2
DA:19,2
DA:20,2
DA:21,2
DA:22,2
DA:23,2
DA:26,2
DA:27,2
DA:29,2
LF:13
LH:13
BRF:0
BRH:0
end_of_record
TN:
SF:src\utils\asyncHandler.ts
FN:9,(anonymous_0)
FN:10,(anonymous_1)
FNF:2
FNH:2
FNDA:18,(anonymous_0)
FNDA:35,(anonymous_1)
DA:9,2
DA:10,18
DA:11,35
LF:3
LH:3
BRF:0
BRH:0
end_of_record
TN:
SF:src\utils\jwt.ts
FN:9,(anonymous_1)
FN:20,(anonymous_2)
FNF:2
FNH:2
FNDA:11,(anonymous_1)
FNDA:19,(anonymous_2)
DA:1,2
DA:9,2
DA:10,11
DA:11,11
DA:13,11
DA:14,0
DA:17,11
DA:20,2
DA:21,19
DA:23,19
DA:24,0
DA:27,19
LF:12
LH:10
BRDA:11,0,0,11
BRDA:11,0,1,0
BRDA:13,1,0,0
BRDA:23,2,0,0
BRF:4
BRH:1
end_of_record
TN:
SF:src\utils\response.ts
FN:15,(anonymous_0)
FN:31,(anonymous_1)
FNF:2
FNH:2
FNDA:22,(anonymous_0)
FNDA:17,(anonymous_1)
DA:15,2
DA:21,22
DA:25,22
DA:26,22
DA:28,22
DA:31,2
DA:37,17
DA:42,17
DA:44,17
LF:9
LH:9
BRDA:17,0,0,0
BRDA:25,1,0,22
BRDA:26,2,0,22
BRDA:33,3,0,0
BRDA:34,4,0,0
BRDA:42,5,0,3
BRF:6
BRH:3
end_of_record
